<?xml version="1.0" encoding="UTF-8"?>
<testsuite name="com.kodilla.testing.calculator.CalculatorTest" tests="1" skipped="0" failures="0" errors="0" timestamp="2018-06-11T20:25:37" hostname="AGROFORST" time="0.002">
  <properties/>
  <testcase name="test" classname="com.kodilla.testing.calculator.CalculatorTest" time="0.002"/>
  <system-out><![CDATA[]]></system-out>
  <system-err><![CDATA[]]></system-err>
</testsuite>
